<?xml version="1.0" encoding="UTF-8"?>
<!-- Generated by org.testng.reporters.JUnitXMLReporter -->
<testsuite hostname="DESKTOP-S9AKGNU" ignored="0" name="AddToCart Test" tests="2" failures="2" timestamp="2022-02-10T01:03:31 EST" time="3.664" errors="0">
  <testcase name="AddToCart" time="3.279" classname="testcases.TC004AddCart">
    <failure type="org.openqa.selenium.NoSuchElementException" message="Cannot locate an element using xpath=//*[@id=&amp;apos;cart&amp;apos;]/ul/li[2]/div/p/a[1]
For documentation on this error, please visit: https://www.seleniumhq.org/exceptions/no_such_element.html
Build info: version: &amp;apos;3.141.59&amp;apos;, revision: &amp;apos;e82be7d358&amp;apos;, time: &amp;apos;2018-11-14T08:17:03&amp;apos;
System info: host: &amp;apos;DESKTOP-S9AKGNU&amp;apos;, ip: &amp;apos;10.0.0.147&amp;apos;, os.name: &amp;apos;Windows 10&amp;apos;, os.arch: &amp;apos;amd64&amp;apos;, os.version: &amp;apos;10.0&amp;apos;, java.version: &amp;apos;1.8.0_202&amp;apos;
Driver info: driver.version: RemoteWebDriver">
      <![CDATA[org.openqa.selenium.NoSuchElementException: Cannot locate an element using xpath=//*[@id='cart']/ul/li[2]/div/p/a[1]
For documentation on this error, please visit: https://www.seleniumhq.org/exceptions/no_such_element.html
Build info: version: '3.141.59', revision: 'e82be7d358', time: '2018-11-14T08:17:03'
System info: host: 'DESKTOP-S9AKGNU', ip: '10.0.0.147', os.name: 'Windows 10', os.arch: 'amd64', os.version: '10.0', java.version: '1.8.0_202'
Driver info: driver.version: RemoteWebDriver
at org.openqa.selenium.remote.RemoteWebDriver.findElement(RemoteWebDriver.java:327)
at org.openqa.selenium.remote.RemoteWebDriver.findElementByXPath(RemoteWebDriver.java:428)
at org.openqa.selenium.By$ByXPath.findElement(By.java:353)
at org.openqa.selenium.remote.RemoteWebDriver.findElement(RemoteWebDriver.java:315)
at org.openqa.selenium.support.pagefactory.DefaultElementLocator.findElement(DefaultElementLocator.java:69)
at org.openqa.selenium.support.pagefactory.internal.LocatingElementHandler.invoke(LocatingElementHandler.java:38)
at com.sun.proxy.$Proxy7.click(Unknown Source)
at pages.AddToCartPage.viewCart(AddToCartPage.java:69)
at testcases.TC004AddCart.AddToCart(TC004AddCart.java:25)
at java.util.ArrayList.forEach(ArrayList.java:1257)
... Removed 31 stack frames]]>
    </failure>
  </testcase> <!-- AddToCart -->
  <testcase name="AddToCart" time="3.311" classname="testcases.TC004AddCart">
    <failure type="org.openqa.selenium.UnhandledAlertException" message="unexpected alert open: {Alert text : SyntaxError: Unexpected token &amp;lt; in JSON at position 0
parsererror
&amp;lt;b&amp;gt;Warning&amp;lt;/b&amp;gt;: unlink(/home/ocdemo/storage/cache/cache.catalog.language.1644476609): No such file or directory in &amp;lt;b&amp;gt;/home/ocdemo/public_html/system/library/cache/file.php&amp;lt;/b&amp;gt; on line &amp;lt;b&amp;gt;68&amp;lt;/b&amp;gt;{&amp;quot;success&amp;quot;:&amp;quot;Success: You have added &amp;lt;a href=\&amp;quot;https:\/\/demo.opencart.com\/index.php?route=product\/product&amp;amp;amp;product_id=33\&amp;quot;&amp;gt;Samsung SyncMaster 941BW&amp;lt;\/a&amp;gt; to your &amp;lt;a href=\&amp;quot;https:\/\/demo.opencart.com\/index.php?route=checkout\/cart\&amp;quot;&amp;gt;shopping cart&amp;lt;\/a&amp;gt;!&amp;quot;,&amp;quot;total&amp;quot;:&amp;quot;3 item(s) - $726.00&amp;quot;}}
  (Session info: chrome=98.0.4758.82): SyntaxError: Unexpected token &amp;lt; in JSON at position 0
parsererror
&amp;lt;b&amp;gt;Warning&amp;lt;/b&amp;gt;: unlink(/home/ocdemo/storage/cache/cache.catalog.language.1644476609): No such file or directory in &amp;lt;b&amp;gt;/home/ocdemo/public_html/system/library/cache/file.php&amp;lt;/b&amp;gt; on line &amp;lt;b&amp;gt;68&amp;lt;/b&amp;gt;{&amp;quot;success&amp;quot;:&amp;quot;Success: You have added &amp;lt;a href=\&amp;quot;https:\/\/demo.opencart.com\/index.php?route=product\/product&amp;amp;amp;product_id=33\&amp;quot;&amp;gt;Samsung SyncMaster 941BW&amp;lt;\/a&amp;gt; to your &amp;lt;a href=\&amp;quot;https:\/\/demo.opencart.com\/index.php?route=checkout\/cart\&amp;quot;&amp;gt;shopping cart&amp;lt;\/a&amp;gt;!&amp;quot;,&amp;quot;total&amp;quot;:&amp;quot;3 item(s) - $726.00&amp;quot;}
Build info: version: &amp;apos;3.141.59&amp;apos;, revision: &amp;apos;e82be7d358&amp;apos;, time: &amp;apos;2018-11-14T08:17:03&amp;apos;
System info: host: &amp;apos;DESKTOP-S9AKGNU&amp;apos;, ip: &amp;apos;10.0.0.147&amp;apos;, os.name: &amp;apos;Windows 10&amp;apos;, os.arch: &amp;apos;amd64&amp;apos;, os.version: &amp;apos;10.0&amp;apos;, java.version: &amp;apos;1.8.0_202&amp;apos;
Driver info: org.openqa.selenium.chrome.ChromeDriver
Capabilities {acceptInsecureCerts: false, browserName: chrome, browserVersion: 98.0.4758.82, chrome: {chromedriverVersion: 98.0.4758.80 (7f0488e8ba0d8..., userDataDir: C:\Users\Satya\AppData\Loca...}, goog:chromeOptions: {debuggerAddress: localhost:64229}, javascriptEnabled: true, networkConnectionEnabled: false, pageLoadStrategy: normal, platform: WINDOWS, platformName: WINDOWS, proxy: Proxy(), setWindowRect: true, strictFileInteractability: false, timeouts: {implicit: 0, pageLoad: 300000, script: 30000}, unhandledPromptBehavior: dismiss and notify, webauthn:extension:credBlob: true, webauthn:extension:largeBlob: true, webauthn:virtualAuthenticators: true}
Session ID: eadc6dda2ccb7680f88fcccc55c983cb">
      <![CDATA[org.openqa.selenium.UnhandledAlertException: unexpected alert open: {Alert text : SyntaxError: Unexpected token < in JSON at position 0
parsererror
<b>Warning</b>: unlink(/home/ocdemo/storage/cache/cache.catalog.language.1644476609): No such file or directory in <b>/home/ocdemo/public_html/system/library/cache/file.php</b> on line <b>68</b>{"success":"Success: You have added <a href=\"https:\/\/demo.opencart.com\/index.php?route=product\/product&amp;product_id=33\">Samsung SyncMaster 941BW<\/a> to your <a href=\"https:\/\/demo.opencart.com\/index.php?route=checkout\/cart\">shopping cart<\/a>!","total":"3 item(s) - $726.00"}}
  (Session info: chrome=98.0.4758.82): SyntaxError: Unexpected token < in JSON at position 0
parsererror
<b>Warning</b>: unlink(/home/ocdemo/storage/cache/cache.catalog.language.1644476609): No such file or directory in <b>/home/ocdemo/public_html/system/library/cache/file.php</b> on line <b>68</b>{"success":"Success: You have added <a href=\"https:\/\/demo.opencart.com\/index.php?route=product\/product&amp;product_id=33\">Samsung SyncMaster 941BW<\/a> to your <a href=\"https:\/\/demo.opencart.com\/index.php?route=checkout\/cart\">shopping cart<\/a>!","total":"3 item(s) - $726.00"}
Build info: version: '3.141.59', revision: 'e82be7d358', time: '2018-11-14T08:17:03'
System info: host: 'DESKTOP-S9AKGNU', ip: '10.0.0.147', os.name: 'Windows 10', os.arch: 'amd64', os.version: '10.0', java.version: '1.8.0_202'
Driver info: org.openqa.selenium.chrome.ChromeDriver
Capabilities {acceptInsecureCerts: false, browserName: chrome, browserVersion: 98.0.4758.82, chrome: {chromedriverVersion: 98.0.4758.80 (7f0488e8ba0d8..., userDataDir: C:\Users\Satya\AppData\Loca...}, goog:chromeOptions: {debuggerAddress: localhost:64229}, javascriptEnabled: true, networkConnectionEnabled: false, pageLoadStrategy: normal, platform: WINDOWS, platformName: WINDOWS, proxy: Proxy(), setWindowRect: true, strictFileInteractability: false, timeouts: {implicit: 0, pageLoad: 300000, script: 30000}, unhandledPromptBehavior: dismiss and notify, webauthn:extension:credBlob: true, webauthn:extension:largeBlob: true, webauthn:virtualAuthenticators: true}
Session ID: eadc6dda2ccb7680f88fcccc55c983cb
at org.openqa.selenium.remote.http.W3CHttpResponseCodec.decode(W3CHttpResponseCodec.java:120)
at org.openqa.selenium.remote.http.W3CHttpResponseCodec.decode(W3CHttpResponseCodec.java:49)
at org.openqa.selenium.remote.HttpCommandExecutor.execute(HttpCommandExecutor.java:158)
at org.openqa.selenium.remote.service.DriverCommandExecutor.execute(DriverCommandExecutor.java:83)
at org.openqa.selenium.remote.RemoteWebDriver.execute(RemoteWebDriver.java:552)
at org.openqa.selenium.remote.RemoteWebDriver.execute(RemoteWebDriver.java:609)
at org.openqa.selenium.remote.RemoteWebDriver.getScreenshotAs(RemoteWebDriver.java:295)
at utilities.Utilities.captureScreenshot(Utilities.java:21)
at base.CustomListeners.onTestFailure(CustomListeners.java:37)
at java.util.ArrayList.forEach(ArrayList.java:1257)
... Removed 28 stack frames]]>
    </failure>
  </testcase> <!-- AddToCart -->
</testsuite> <!-- AddToCart Test -->
